<?xml version="1.0" encoding="UTF-8"?>
<!-- Generated by org.testng.reporters.JUnitReportReporter -->
<testsuite skipped="0" hostname="DESKTOP-RUVD9SS" name="test.UserShouldBeableToAddCatTest" tests="1" failures="0" timestamp="2022-01-25T23:19:49 CST" time="12.833" errors="0">
  <testcase name="userShouldBeAbleToaddCat" time="12.833" classname="test.UserShouldBeableToAddCatTest"/>
  <system-out/>
</testsuite> <!-- test.UserShouldBeableToAddCatTest -->
