<?xml version="1.0" encoding="UTF-8"?>
<!-- Generated by org.testng.reporters.JUnitReportReporter -->
<testsuite skipped="0" hostname="DESKTOP-RUVD9SS" name="test.UsershouldBeUnableToDuplicateTest" tests="1" failures="0" timestamp="2022-01-29T16:55:42 CST" time="12.856" errors="0">
  <testcase name="usershouldBeUnableToDuplicateTest" time="12.856" classname="test.UsershouldBeUnableToDuplicateTest"/>
  <system-out/>
</testsuite> <!-- test.UsershouldBeUnableToDuplicateTest -->
