<?xml version="1.0" encoding="UTF-8"?>
<!-- Generated by org.testng.reporters.JUnitReportReporter -->
<testsuite skipped="0" hostname="DESKTOP-RUVD9SS" name="test.CheckAllBoxTest" tests="1" failures="0" timestamp="2022-01-23T18:06:07 CST" time="3.320" errors="0">
  <testcase name="userShouldBeAbleToCheckBox" time="3.320" classname="test.CheckAllBoxTest"/>
  <system-out/>
</testsuite> <!-- test.CheckAllBoxTest -->
